<?xml version="1.0" encoding="UTF-8" ?>
<testsuite tests="11" failures="0" name="hu.unideb.inf.RunCucumberTest" time="43.207" errors="0" skipped="2">
  <properties>
[...]
</properties>
  <testcase classname="PhpTravel login process captcha not clicked" name="EMPTY_NAME" time="12.018">
    <skipped/>
    <system-out>
Scenario:                                      &amp;#27;[90m# hu/unideb/inf/beadando.feature:8&amp;#27;[0m
  &amp;#27;[32mGiven &amp;#27;[0m&amp;#27;[32mthe homepage is opened&amp;#27;[0m                 &amp;#27;[90m# hu.unideb.inf.StepDefinitions.theHomepageIsOpened()&amp;#27;[0m
  &amp;#27;[32mAnd &amp;#27;[0m&amp;#27;[32mthe sign in link is clicked&amp;#27;[0m              &amp;#27;[90m# hu.unideb.inf.StepDefinitions.theSignInLinkIsClicked()&amp;#27;[0m
  &amp;#27;[32mGiven &amp;#27;[0m&amp;#27;[32mthe Log In Button is clicked&amp;#27;[0m           &amp;#27;[90m# hu.unideb.inf.StepDefinitions.theLogInButtonIsClicked()&amp;#27;[0m
  &amp;#27;[33mThen &amp;#27;[0m&amp;#27;[33mcomplete captcha error message is shown&amp;#27;[0m &amp;#27;[90m# null&amp;#27;[0m
</system-out>
    <system-err>Apr 29, 2020 6:12:29 PM io.cucumber.junit.Cucumber &lt;init&gt;
WARNUNG: By default Cucumber is running in --non-strict mode.
This default will change to --strict and --non-strict will be removed.
You can use --strict or @CucumberOptions(strict = true) to suppress this warning
SLF4J: Failed to load class &quot;org.slf4j.impl.StaticLoggerBinder&quot;.
SLF4J: Defaulting to no-operation (NOP) logger implementation
SLF4J: See http://www.slf4j.org/codes.html#StaticLoggerBinder for further details.
Apr 29, 2020 6:12:30 PM java.util.prefs.WindowsPreferences &lt;init&gt;
WARNUNG: Could not open/create prefs root node Software\JavaSoft\Prefs at root 0x80000002. Windows RegCreateKeyEx(...) returned error code 5.
Starting ChromeDriver 81.0.4044.69 (6813546031a4bc83f717a2ef7cd4ac6ec1199132-refs/branch-heads/4044@{#776}) on port 27446
Only local connections are allowed.
Please protect ports used by ChromeDriver and related test frameworks to prevent access by malicious code.
Apr 29, 2020 6:12:33 PM org.openqa.selenium.remote.ProtocolHandshake createSession
INFORMATION: Detected dialect: W3C
[1588176756.862][SEVERE]: Timed out receiving message from renderer: 0.100
[1588176756.963][SEVERE]: Timed out receiving message from renderer: 0.100
[1588176757.064][SEVERE]: Timed out receiving message from renderer: 0.100
[1588176757.166][SEVERE]: Timed out receiving message from renderer: 0.100
[1588176757.268][SEVERE]: Timed out receiving message from renderer: 0.100
[1588176757.369][SEVERE]: Timed out receiving message from renderer: 0.100
[1588176757.473][SEVERE]: Timed out receiving message from renderer: 0.100
[1588176757.575][SEVERE]: Timed out receiving message from renderer: 0.100
[1588176757.676][SEVERE]: Timed out receiving message from renderer: 0.100
[1588176757.870][SEVERE]: Timed out receiving message from renderer: 0.100
[1588176757.972][SEVERE]: Timed out receiving message from renderer: 0.100
[1588176758.362][SEVERE]: Timed out receiving message from renderer: 0.100
[1588176758.731][SEVERE]: Timed out receiving message from renderer: 0.100
[1588176758.833][SEVERE]: Timed out receiving message from renderer: 0.100
[1588176758.934][SEVERE]: Timed out receiving message from renderer: 0.100
[1588176759.036][SEVERE]: Timed out receiving message from renderer: 0.100
</system-err>
  </testcase>
  <testcase classname="PhpTravel login process captcha not clicked" name="EMPTY_NAME" time="2.067">
    <skipped/>
    <system-out>
Scenario:                            &amp;#27;[90m# hu/unideb/inf/beadando.feature:12&amp;#27;[0m
  &amp;#27;[32mGiven &amp;#27;[0m&amp;#27;[32mthe homepage is opened&amp;#27;[0m       &amp;#27;[90m# hu.unideb.inf.StepDefinitions.theHomepageIsOpened()&amp;#27;[0m
  &amp;#27;[32mAnd &amp;#27;[0m&amp;#27;[32mthe sign in link is clicked&amp;#27;[0m    &amp;#27;[90m# hu.unideb.inf.StepDefinitions.theSignInLinkIsClicked()&amp;#27;[0m
  &amp;#27;[33mGiven &amp;#27;[0m&amp;#27;[33mthe captcha box is clicked&amp;#27;[0m   &amp;#27;[90m# null&amp;#27;[0m
  &amp;#27;[36mAnd &amp;#27;[0m&amp;#27;[36mthe Log In Button is clicked&amp;#27;[0m   &amp;#27;[90m# hu.unideb.inf.StepDefinitions.theLogInButtonIsClicked()&amp;#27;[0m
  &amp;#27;[33mThen &amp;#27;[0m&amp;#27;[33minvalid data message is shown&amp;#27;[0m &amp;#27;[90m# null&amp;#27;[0m
</system-out>
    <system-err>[1588176762.380][SEVERE]: Timed out receiving message from renderer: 0.100
[1588176762.543][SEVERE]: Timed out receiving message from renderer: 0.100
[1588176762.645][SEVERE]: Timed out receiving message from renderer: 0.100
</system-err>
  </testcase>
  <testcase classname="automation practice login process" name="EMPTY_NAME" time="4.119"/>
  <testcase classname="automation practice login process" name="EMPTY_NAME" time="2.889"/>
  <testcase classname="automation practice login process" name="EMPTY_NAME" time="3.19"/>
  <testcase classname="automation practice login process" name="EMPTY_NAME" time="2.74"/>
  <testcase classname="automation practice login process" name="EMPTY_NAME" time="3.077"/>
  <testcase classname="automation practice login process" name="EMPTY_NAME" time="4.966"/>
  <testcase classname="automation practice search process" name="EMPTY_NAME" time="2.298"/>
  <testcase classname="automation practice search process" name="EMPTY_NAME" time="3.414"/>
  <testcase classname="automation practice search process" name="EMPTY_NAME" time="2.429"/>
</testsuite>